2022-07-31T00:51:27.925Z - error: uncaughtException: write EPIPE date=Sun Jul 31 2022 07:51:27 GMT+0700 (Indochina Time), pid=15182, uid=501, gid=20, cwd=/Users/trungdang/Nodejs/cam_do/serverAPI, execPath=/usr/local/bin/node, version=v16.16.0, argv=[/usr/local/bin/node, /Users/trungdang/Nodejs/cam_do/serverAPI/index.js], rss=53366784, heapTotal=33816576, heapUsed=15426368, external=935760, arrayBuffers=73938, loadavg=[2.435546875, 2.88134765625, 3.08935546875], uptime=41059, trace=[column=15, file=node:internal/stream_base_commons, function=afterWriteDispatched, line=160, method=null, native=false, column=3, file=node:internal/stream_base_commons, function=writeGeneric, line=151, method=null, native=false, column=11, file=node:net, function=Socket._writeGeneric, line=817, method=_writeGeneric, native=false, column=8, file=node:net, function=Socket._write, line=829, method=_write, native=false, column=12, file=node:internal/streams/writable, function=writeOrBuffer, line=389, method=null, native=false, column=10, file=node:internal/streams/writable, function=_write, line=330, method=null, native=false, column=10, file=node:internal/streams/writable, function=Socket.Writable.write, line=334, method=write, native=false, column=16, file=node:internal/console/constructor, function=console.value, line=286, method=value, native=false, column=26, file=node:internal/console/constructor, function=console.log, line=360, method=log, native=false, column=25, file=/Users/trungdang/Nodejs/cam_do/serverAPI/lib/appDebug.js, function=Function.log, line=20, method=log, native=false], stack=[Error: write EPIPE,     at afterWriteDispatched (node:internal/stream_base_commons:160:15),     at writeGeneric (node:internal/stream_base_commons:151:3),     at Socket._writeGeneric (node:net:817:11),     at Socket._write (node:net:829:8),     at writeOrBuffer (node:internal/streams/writable:389:12),     at _write (node:internal/streams/writable:330:10),     at Socket.Writable.write (node:internal/streams/writable:334:10),     at console.value (node:internal/console/constructor:286:16),     at console.log (node:internal/console/constructor:360:26),     at Function.log (/Users/trungdang/Nodejs/cam_do/serverAPI/lib/appDebug.js:20:25)]
2022-07-31T00:51:27.929Z - error: uncaughtException: write EPIPE date=Sun Jul 31 2022 07:51:27 GMT+0700 (Indochina Time), pid=15182, uid=501, gid=20, cwd=/Users/trungdang/Nodejs/cam_do/serverAPI, execPath=/usr/local/bin/node, version=v16.16.0, argv=[/usr/local/bin/node, /Users/trungdang/Nodejs/cam_do/serverAPI/index.js], rss=53485568, heapTotal=33816576, heapUsed=15524336, external=935824, arrayBuffers=73962, loadavg=[2.435546875, 2.88134765625, 3.08935546875], uptime=41059, trace=[column=15, file=node:internal/stream_base_commons, function=afterWriteDispatched, line=160, method=null, native=false, column=3, file=node:internal/stream_base_commons, function=writeGeneric, line=151, method=null, native=false, column=11, file=node:net, function=Socket._writeGeneric, line=817, method=_writeGeneric, native=false, column=8, file=node:net, function=Socket._write, line=829, method=_write, native=false, column=12, file=node:internal/streams/writable, function=writeOrBuffer, line=389, method=null, native=false, column=10, file=node:internal/streams/writable, function=_write, line=330, method=null, native=false, column=10, file=node:internal/streams/writable, function=Socket.Writable.write, line=334, method=write, native=false, column=16, file=node:internal/console/constructor, function=console.value, line=286, method=value, native=false, column=26, file=node:internal/console/constructor, function=console.log, line=360, method=log, native=false, column=43, file=/Users/trungdang/Nodejs/cam_do/serverAPI/index.js, function=null, line=147, method=null, native=false], stack=[Error: write EPIPE,     at afterWriteDispatched (node:internal/stream_base_commons:160:15),     at writeGeneric (node:internal/stream_base_commons:151:3),     at Socket._writeGeneric (node:net:817:11),     at Socket._write (node:net:829:8),     at writeOrBuffer (node:internal/streams/writable:389:12),     at _write (node:internal/streams/writable:330:10),     at Socket.Writable.write (node:internal/streams/writable:334:10),     at console.value (node:internal/console/constructor:286:16),     at console.log (node:internal/console/constructor:360:26),     at Server.<anonymous> (/Users/trungdang/Nodejs/cam_do/serverAPI/index.js:147:43)]
2022-07-31T04:37:38.247Z - error:   Error: ER_NO_DEFAULT_FOR_FIELD: Field 'trang_thai' doesn't have a default value
    at Query.Sequence._packetToError (/Users/trungdang/Nodejs/cam_do/serverAPI/node_modules/mysql/lib/protocol/sequences/Sequence.js:52:14)
    at Query.ErrorPacket (/Users/trungdang/Nodejs/cam_do/serverAPI/node_modules/mysql/lib/protocol/sequences/Query.js:77:18)
    at Protocol._parsePacket (/Users/trungdang/Nodejs/cam_do/serverAPI/node_modules/mysql/lib/protocol/Protocol.js:279:23)
    at Parser.write (/Users/trungdang/Nodejs/cam_do/serverAPI/node_modules/mysql/lib/protocol/Parser.js:76:12)
    at Protocol.write (/Users/trungdang/Nodejs/cam_do/serverAPI/node_modules/mysql/lib/protocol/Protocol.js:39:16)
    at Socket.<anonymous> (/Users/trungdang/Nodejs/cam_do/serverAPI/node_modules/mysql/lib/Connection.js:103:28)
    at Socket.emit (node:events:527:28)
    at addChunk (node:internal/streams/readable:315:12)
    at readableAddChunk (node:internal/streams/readable:289:9)
    at Socket.Readable.push (node:internal/streams/readable:228:10)
    --------------------
    at Protocol._enqueue (/Users/trungdang/Nodejs/cam_do/serverAPI/node_modules/mysql/lib/protocol/Protocol.js:145:48)
    at PoolConnection.query (/Users/trungdang/Nodejs/cam_do/serverAPI/node_modules/mysql/lib/Connection.js:208:25)
    at /Users/trungdang/Nodejs/cam_do/serverAPI/models/baseModel.js:200:22
    at new Promise (<anonymous>)
    at money_outModel.insertAsync (/Users/trungdang/Nodejs/cam_do/serverAPI/models/baseModel.js:197:16)
    at cam_do_ctrl.save_out (/Users/trungdang/Nodejs/cam_do/serverAPI/controllers/cam_do_ctrl.js:180:14)
    at /Users/trungdang/Nodejs/cam_do/serverAPI/controllers/baseC.js:168:66
    at /Users/trungdang/Nodejs/cam_do/serverAPI/lib/cacheManager.js:91:25
    at Query._callback (/Users/trungdang/Nodejs/cam_do/serverAPI/models/baseModel.js:184:17)
    at Query.Sequence.end (/Users/trungdang/Nodejs/cam_do/serverAPI/node_modules/mysql/lib/protocol/sequences/Sequence.js:88:24) {
  code: 'ER_NO_DEFAULT_FOR_FIELD',
  errno: 1364,
  sqlMessage: "Field 'trang_thai' doesn't have a default value",
  sqlState: 'HY000',
  index: 0,
  sql: "INSERT INTO `money_out` SET `ngay_cam` = '2022-07-31 11:37:38', `branch_id` = 1, `type` = '0', `ngay_tra_du_tinh` = '2022-08-14 11:37:38', `vat_cam` = 'XEMAY', `tien_vay` = '100000', `nguoi_cam` = 'mi xu', `id_card` = '12345678', `ghi_chu` = 'muon lai xe di', `created_date` = '2022-07-31 11:37:38.154', `creator` = 'admin'"
} /cam_do/save_out
2022-09-04T08:24:19.657Z - error: uncaughtException: write EPIPE date=Sun Sep 04 2022 15:24:19 GMT+0700 (Indochina Time), pid=2874, uid=501, gid=20, cwd=/Users/trungdang/Nodejs/cam_do/serverAPI, execPath=/usr/local/bin/node, version=v16.16.0, argv=[/usr/local/bin/node, /Users/trungdang/Nodejs/cam_do/serverAPI/index.js], rss=51433472, heapTotal=33292288, heapUsed=15444984, external=935192, arrayBuffers=82130, loadavg=[2.9169921875, 2.8232421875, 3.69921875], uptime=2010, trace=[column=15, file=node:internal/stream_base_commons, function=afterWriteDispatched, line=160, method=null, native=false, column=3, file=node:internal/stream_base_commons, function=writeGeneric, line=151, method=null, native=false, column=11, file=node:net, function=Socket._writeGeneric, line=817, method=_writeGeneric, native=false, column=8, file=node:net, function=Socket._write, line=829, method=_write, native=false, column=12, file=node:internal/streams/writable, function=writeOrBuffer, line=389, method=null, native=false, column=10, file=node:internal/streams/writable, function=_write, line=330, method=null, native=false, column=10, file=node:internal/streams/writable, function=Socket.Writable.write, line=334, method=write, native=false, column=16, file=node:internal/console/constructor, function=console.value, line=286, method=value, native=false, column=26, file=node:internal/console/constructor, function=console.log, line=360, method=log, native=false, column=25, file=/Users/trungdang/Nodejs/cam_do/serverAPI/lib/appDebug.js, function=Function.log, line=20, method=log, native=false], stack=[Error: write EPIPE,     at afterWriteDispatched (node:internal/stream_base_commons:160:15),     at writeGeneric (node:internal/stream_base_commons:151:3),     at Socket._writeGeneric (node:net:817:11),     at Socket._write (node:net:829:8),     at writeOrBuffer (node:internal/streams/writable:389:12),     at _write (node:internal/streams/writable:330:10),     at Socket.Writable.write (node:internal/streams/writable:334:10),     at console.value (node:internal/console/constructor:286:16),     at console.log (node:internal/console/constructor:360:26),     at Function.log (/Users/trungdang/Nodejs/cam_do/serverAPI/lib/appDebug.js:20:25)]
2022-09-04T08:24:19.661Z - error: uncaughtException: write EPIPE date=Sun Sep 04 2022 15:24:19 GMT+0700 (Indochina Time), pid=2874, uid=501, gid=20, cwd=/Users/trungdang/Nodejs/cam_do/serverAPI, execPath=/usr/local/bin/node, version=v16.16.0, argv=[/usr/local/bin/node, /Users/trungdang/Nodejs/cam_do/serverAPI/index.js], rss=51515392, heapTotal=33292288, heapUsed=15561184, external=935256, arrayBuffers=82154, loadavg=[2.9169921875, 2.8232421875, 3.69921875], uptime=2010, trace=[column=15, file=node:internal/stream_base_commons, function=afterWriteDispatched, line=160, method=null, native=false, column=3, file=node:internal/stream_base_commons, function=writeGeneric, line=151, method=null, native=false, column=11, file=node:net, function=Socket._writeGeneric, line=817, method=_writeGeneric, native=false, column=8, file=node:net, function=Socket._write, line=829, method=_write, native=false, column=12, file=node:internal/streams/writable, function=writeOrBuffer, line=389, method=null, native=false, column=10, file=node:internal/streams/writable, function=_write, line=330, method=null, native=false, column=10, file=node:internal/streams/writable, function=Socket.Writable.write, line=334, method=write, native=false, column=16, file=node:internal/console/constructor, function=console.value, line=286, method=value, native=false, column=26, file=node:internal/console/constructor, function=console.log, line=360, method=log, native=false, column=43, file=/Users/trungdang/Nodejs/cam_do/serverAPI/index.js, function=null, line=147, method=null, native=false], stack=[Error: write EPIPE,     at afterWriteDispatched (node:internal/stream_base_commons:160:15),     at writeGeneric (node:internal/stream_base_commons:151:3),     at Socket._writeGeneric (node:net:817:11),     at Socket._write (node:net:829:8),     at writeOrBuffer (node:internal/streams/writable:389:12),     at _write (node:internal/streams/writable:330:10),     at Socket.Writable.write (node:internal/streams/writable:334:10),     at console.value (node:internal/console/constructor:286:16),     at console.log (node:internal/console/constructor:360:26),     at Server.<anonymous> (/Users/trungdang/Nodejs/cam_do/serverAPI/index.js:147:43)]
2022-10-15T02:17:50.381Z - error:   error data request /cam_do/ghi_chu
2022-10-15T03:34:26.501Z - error:   error data request /cam_do/lien_he
2022-10-15T03:35:25.967Z - error:   error data request /cam_do/lien_he
2022-10-15T07:48:33.579Z - error:   Error: ER_NO_DEFAULT_FOR_FIELD: Field '_order' doesn't have a default value
    at Query.Sequence._packetToError (/Users/trungdang/Nodejs/cam_do/serverAPI/node_modules/mysql/lib/protocol/sequences/Sequence.js:52:14)
    at Query.ErrorPacket (/Users/trungdang/Nodejs/cam_do/serverAPI/node_modules/mysql/lib/protocol/sequences/Query.js:77:18)
    at Protocol._parsePacket (/Users/trungdang/Nodejs/cam_do/serverAPI/node_modules/mysql/lib/protocol/Protocol.js:279:23)
    at Parser.write (/Users/trungdang/Nodejs/cam_do/serverAPI/node_modules/mysql/lib/protocol/Parser.js:76:12)
    at Protocol.write (/Users/trungdang/Nodejs/cam_do/serverAPI/node_modules/mysql/lib/protocol/Protocol.js:39:16)
    at Socket.<anonymous> (/Users/trungdang/Nodejs/cam_do/serverAPI/node_modules/mysql/lib/Connection.js:103:28)
    at Socket.emit (node:events:527:28)
    at addChunk (node:internal/streams/readable:315:12)
    at readableAddChunk (node:internal/streams/readable:289:9)
    at Socket.Readable.push (node:internal/streams/readable:228:10)
    --------------------
    at Protocol._enqueue (/Users/trungdang/Nodejs/cam_do/serverAPI/node_modules/mysql/lib/protocol/Protocol.js:145:48)
    at PoolConnection.query (/Users/trungdang/Nodejs/cam_do/serverAPI/node_modules/mysql/lib/Connection.js:208:25)
    at /Users/trungdang/Nodejs/cam_do/serverAPI/models/baseModel.js:200:22
    at new Promise (<anonymous>)
    at aclActionModel.insertAsync (/Users/trungdang/Nodejs/cam_do/serverAPI/models/baseModel.js:197:16)
    at /Users/trungdang/Nodejs/cam_do/serverAPI/controllers/permission_ctrl.js:401:38
    at processTicksAndRejections (node:internal/process/task_queues:96:5) {
  code: 'ER_NO_DEFAULT_FOR_FIELD',
  errno: 1364,
  sqlMessage: "Field '_order' doesn't have a default value",
  sqlState: 'HY000',
  index: 0,
  sql: "INSERT INTO `acl_action` SET `url` = 'Liên hệ đến hạn', `name` = 'lien_he_den_han', `acl_group_action_id` = 5, `_type` = 'Khác'"
} permission_ctrl.add_action
2022-10-15T07:49:40.758Z - error:   Error: ER_NO_DEFAULT_FOR_FIELD: Field '_order' doesn't have a default value
    at Query.Sequence._packetToError (/Users/trungdang/Nodejs/cam_do/serverAPI/node_modules/mysql/lib/protocol/sequences/Sequence.js:52:14)
    at Query.ErrorPacket (/Users/trungdang/Nodejs/cam_do/serverAPI/node_modules/mysql/lib/protocol/sequences/Query.js:77:18)
    at Protocol._parsePacket (/Users/trungdang/Nodejs/cam_do/serverAPI/node_modules/mysql/lib/protocol/Protocol.js:279:23)
    at Parser.write (/Users/trungdang/Nodejs/cam_do/serverAPI/node_modules/mysql/lib/protocol/Parser.js:76:12)
    at Protocol.write (/Users/trungdang/Nodejs/cam_do/serverAPI/node_modules/mysql/lib/protocol/Protocol.js:39:16)
    at Socket.<anonymous> (/Users/trungdang/Nodejs/cam_do/serverAPI/node_modules/mysql/lib/Connection.js:103:28)
    at Socket.emit (node:events:527:28)
    at addChunk (node:internal/streams/readable:315:12)
    at readableAddChunk (node:internal/streams/readable:289:9)
    at Socket.Readable.push (node:internal/streams/readable:228:10)
    --------------------
    at Protocol._enqueue (/Users/trungdang/Nodejs/cam_do/serverAPI/node_modules/mysql/lib/protocol/Protocol.js:145:48)
    at PoolConnection.query (/Users/trungdang/Nodejs/cam_do/serverAPI/node_modules/mysql/lib/Connection.js:208:25)
    at /Users/trungdang/Nodejs/cam_do/serverAPI/models/baseModel.js:200:22
    at new Promise (<anonymous>)
    at aclActionModel.insertAsync (/Users/trungdang/Nodejs/cam_do/serverAPI/models/baseModel.js:197:16)
    at /Users/trungdang/Nodejs/cam_do/serverAPI/controllers/permission_ctrl.js:401:38
    at processTicksAndRejections (node:internal/process/task_queues:96:5) {
  code: 'ER_NO_DEFAULT_FOR_FIELD',
  errno: 1364,
  sqlMessage: "Field '_order' doesn't have a default value",
  sqlState: 'HY000',
  index: 0,
  sql: "INSERT INTO `acl_action` SET `url` = 'lien_he_den_han', `name` = 'Liên hệ đến hạn', `acl_group_action_id` = 5, `_type` = 'Khác', `acl_type` = 'user'"
} permission_ctrl.add_action
2022-10-15T07:50:56.746Z - error:   Error: ER_NO_DEFAULT_FOR_FIELD: Field '_order' doesn't have a default value
    at Query.Sequence._packetToError (/Users/trungdang/Nodejs/cam_do/serverAPI/node_modules/mysql/lib/protocol/sequences/Sequence.js:52:14)
    at Query.ErrorPacket (/Users/trungdang/Nodejs/cam_do/serverAPI/node_modules/mysql/lib/protocol/sequences/Query.js:77:18)
    at Protocol._parsePacket (/Users/trungdang/Nodejs/cam_do/serverAPI/node_modules/mysql/lib/protocol/Protocol.js:279:23)
    at Parser.write (/Users/trungdang/Nodejs/cam_do/serverAPI/node_modules/mysql/lib/protocol/Parser.js:76:12)
    at Protocol.write (/Users/trungdang/Nodejs/cam_do/serverAPI/node_modules/mysql/lib/protocol/Protocol.js:39:16)
    at Socket.<anonymous> (/Users/trungdang/Nodejs/cam_do/serverAPI/node_modules/mysql/lib/Connection.js:103:28)
    at Socket.emit (node:events:527:28)
    at addChunk (node:internal/streams/readable:315:12)
    at readableAddChunk (node:internal/streams/readable:289:9)
    at Socket.Readable.push (node:internal/streams/readable:228:10)
    --------------------
    at Protocol._enqueue (/Users/trungdang/Nodejs/cam_do/serverAPI/node_modules/mysql/lib/protocol/Protocol.js:145:48)
    at PoolConnection.query (/Users/trungdang/Nodejs/cam_do/serverAPI/node_modules/mysql/lib/Connection.js:208:25)
    at /Users/trungdang/Nodejs/cam_do/serverAPI/models/baseModel.js:200:22
    at new Promise (<anonymous>)
    at aclActionModel.insertAsync (/Users/trungdang/Nodejs/cam_do/serverAPI/models/baseModel.js:197:16)
    at /Users/trungdang/Nodejs/cam_do/serverAPI/controllers/permission_ctrl.js:401:38
    at processTicksAndRejections (node:internal/process/task_queues:96:5) {
  code: 'ER_NO_DEFAULT_FOR_FIELD',
  errno: 1364,
  sqlMessage: "Field '_order' doesn't have a default value",
  sqlState: 'HY000',
  index: 0,
  sql: "INSERT INTO `acl_action` SET `url` = 'lien_he_den_han', `name` = 'Liên hệ đến hạn', `acl_group_action_id` = 5, `_type` = 'Admin', `acl_type` = 'user'"
} permission_ctrl.add_action
