2022-07-31T01:01:30.866Z - info:    55abbe84f48701bc8b3873c72c804bac7a70b3ed2_2942_webapp user/login
2022-07-31T01:01:37.003Z - info:    55abbe84f48701bc8b3873c72c804bac7a70b3ed2_2942_webapp user/login
2022-07-31T01:01:37.037Z - info:    admin branch/find
2022-07-31T01:01:43.748Z - info:    admin user/load_acl
2022-07-31T01:01:51.988Z - info:    admin cam_do/find_out
2022-07-31T01:01:54.807Z - info:    admin cam_do/find_out
2022-07-31T01:01:54.831Z - info:    admin cam_do/get_report_date
2022-07-31T01:01:54.838Z - info:    admin cam_do/get_balance
2022-07-31T01:01:54.852Z - info:    admin cam_do/find_in
2022-07-31T01:01:56.006Z - info:    admin cam_do/find_out
2022-07-31T01:01:59.566Z - info:    admin department/find
2022-07-31T01:01:59.589Z - info:    admin user_group/find
2022-07-31T01:01:59.616Z - info:    admin user/find
2022-07-31T01:01:59.657Z - info:    admin user/load_acl
2022-07-31T01:02:05.322Z - info:    admin employee/types
2022-07-31T01:02:05.322Z - info:    admin department/find
2022-07-31T01:02:05.352Z - info:    admin employee/find
2022-07-31T01:02:05.360Z - info:    admin employee/diplomas
2022-07-31T01:51:32.313Z - info:    admin user/load_acl
2022-07-31T01:51:34.089Z - info:    admin cam_do/find_out
2022-07-31T04:26:35.808Z - info:    55abbe84f48701bc8b3873c72c804bac7a70b3ed2_2942_webapp user/login
2022-07-31T04:26:35.838Z - info:    admin branch/find
2022-07-31T04:26:40.904Z - info:    admin user/load_acl
2022-07-31T04:29:01.097Z - info:    admin user/load_acl
2022-07-31T04:32:49.845Z - info:    admin user/load_acl
2022-07-31T04:34:59.306Z - info:    admin user/load_acl
2022-07-31T04:35:17.642Z - info:    admin cam_do/find_out
2022-07-31T04:36:49.022Z - info:    admin cam_do/find_out
2022-07-31T04:36:49.146Z - info:    admin user/load_acl
2022-07-31T04:37:38.240Z - info:    admin cam_do/save_out
2022-07-31T04:37:38.247Z - error:   Error: ER_NO_DEFAULT_FOR_FIELD: Field 'trang_thai' doesn't have a default value
    at Query.Sequence._packetToError (/Users/trungdang/Nodejs/cam_do/serverAPI/node_modules/mysql/lib/protocol/sequences/Sequence.js:52:14)
    at Query.ErrorPacket (/Users/trungdang/Nodejs/cam_do/serverAPI/node_modules/mysql/lib/protocol/sequences/Query.js:77:18)
    at Protocol._parsePacket (/Users/trungdang/Nodejs/cam_do/serverAPI/node_modules/mysql/lib/protocol/Protocol.js:279:23)
    at Parser.write (/Users/trungdang/Nodejs/cam_do/serverAPI/node_modules/mysql/lib/protocol/Parser.js:76:12)
    at Protocol.write (/Users/trungdang/Nodejs/cam_do/serverAPI/node_modules/mysql/lib/protocol/Protocol.js:39:16)
    at Socket.<anonymous> (/Users/trungdang/Nodejs/cam_do/serverAPI/node_modules/mysql/lib/Connection.js:103:28)
    at Socket.emit (node:events:527:28)
    at addChunk (node:internal/streams/readable:315:12)
    at readableAddChunk (node:internal/streams/readable:289:9)
    at Socket.Readable.push (node:internal/streams/readable:228:10)
    --------------------
    at Protocol._enqueue (/Users/trungdang/Nodejs/cam_do/serverAPI/node_modules/mysql/lib/protocol/Protocol.js:145:48)
    at PoolConnection.query (/Users/trungdang/Nodejs/cam_do/serverAPI/node_modules/mysql/lib/Connection.js:208:25)
    at /Users/trungdang/Nodejs/cam_do/serverAPI/models/baseModel.js:200:22
    at new Promise (<anonymous>)
    at money_outModel.insertAsync (/Users/trungdang/Nodejs/cam_do/serverAPI/models/baseModel.js:197:16)
    at cam_do_ctrl.save_out (/Users/trungdang/Nodejs/cam_do/serverAPI/controllers/cam_do_ctrl.js:180:14)
    at /Users/trungdang/Nodejs/cam_do/serverAPI/controllers/baseC.js:168:66
    at /Users/trungdang/Nodejs/cam_do/serverAPI/lib/cacheManager.js:91:25
    at Query._callback (/Users/trungdang/Nodejs/cam_do/serverAPI/models/baseModel.js:184:17)
    at Query.Sequence.end (/Users/trungdang/Nodejs/cam_do/serverAPI/node_modules/mysql/lib/protocol/sequences/Sequence.js:88:24) {
  code: 'ER_NO_DEFAULT_FOR_FIELD',
  errno: 1364,
  sqlMessage: "Field 'trang_thai' doesn't have a default value",
  sqlState: 'HY000',
  index: 0,
  sql: "INSERT INTO `money_out` SET `ngay_cam` = '2022-07-31 11:37:38', `branch_id` = 1, `type` = '0', `ngay_tra_du_tinh` = '2022-08-14 11:37:38', `vat_cam` = 'XEMAY', `tien_vay` = '100000', `nguoi_cam` = 'mi xu', `id_card` = '12345678', `ghi_chu` = 'muon lai xe di', `created_date` = '2022-07-31 11:37:38.154', `creator` = 'admin'"
} /cam_do/save_out
2022-07-31T04:47:10.127Z - info:    admin cam_do/save_out
2022-07-31T04:47:10.232Z - info:    admin cam_do/find_out
2022-07-31T04:47:10.254Z - info:    admin cam_do/get_balance
2022-07-31T04:47:10.274Z - info:    admin cam_do/get_report_date
2022-07-31T04:47:10.292Z - info:    admin cam_do/find_in
2022-07-31T04:47:22.144Z - info:    admin cam_do/find_out
2022-07-31T04:47:43.252Z - info:    admin cam_do/get_balance
2022-07-31T04:47:43.253Z - info:    admin cam_do/find_out
2022-07-31T04:47:43.256Z - info:    admin cam_do/get_report_date
2022-07-31T04:47:43.292Z - info:    admin cam_do/find_in
2022-07-31T04:47:48.669Z - info:    admin cam_do/find_out
2022-07-31T04:47:56.093Z - info:    admin cam_do/find_out
2022-07-31T04:48:05.830Z - info:    admin cam_do/save_in
2022-07-31T04:48:05.913Z - info:    admin cam_do/find_out
2022-07-31T04:48:05.926Z - info:    admin cam_do/get_balance
2022-07-31T04:48:05.928Z - info:    admin cam_do/get_report_date
2022-07-31T04:48:05.964Z - info:    admin cam_do/find_in
2022-07-31T04:50:27.491Z - info:    admin cam_do/find_out
2022-07-31T04:50:27.494Z - info:    admin cam_do/get_balance
2022-07-31T04:50:27.502Z - info:    admin cam_do/get_report_date
2022-07-31T04:50:27.562Z - info:    admin cam_do/find_in
2022-07-31T04:50:27.631Z - info:    admin user/load_acl
2022-07-31T04:51:55.544Z - info:    55abbe84f48701bc8b3873c72c804bac7a70b3ed2_2942_webapp user/login
2022-07-31T04:51:55.585Z - info:    admin branch/find
2022-07-31T04:52:00.032Z - info:    admin user/load_acl
2022-07-31T04:52:04.373Z - info:    admin cam_do/find_out
2022-07-31T04:52:04.693Z - info:    admin cam_do/find_out
2022-07-31T04:52:06.664Z - info:    admin cam_do/find_out
2022-07-31T04:52:06.681Z - info:    admin cam_do/get_balance
2022-07-31T04:52:06.682Z - info:    admin cam_do/get_report_date
2022-07-31T04:52:06.746Z - info:    admin cam_do/find_in
2022-07-31T04:52:06.897Z - info:    admin cam_do/find_out
2022-07-31T04:52:06.916Z - info:    admin cam_do/get_balance
2022-07-31T04:52:06.919Z - info:    admin cam_do/get_report_date
2022-07-31T04:52:06.975Z - info:    admin cam_do/find_in
2022-07-31T04:54:26.307Z - info:    admin cam_do/find_out
2022-07-31T04:54:26.498Z - info:    admin cam_do/find_out
2022-07-31T04:54:27.786Z - info:    admin cam_do/find_out
2022-07-31T04:54:27.797Z - info:    admin cam_do/get_balance
2022-07-31T04:54:27.802Z - info:    admin cam_do/get_report_date
2022-07-31T04:54:27.841Z - info:    admin cam_do/find_in
2022-07-31T04:54:36.794Z - info:    admin cam_do/find_out
2022-07-31T04:54:36.802Z - info:    admin cam_do/get_report_date
2022-07-31T04:54:36.828Z - info:    admin cam_do/get_balance
2022-07-31T04:54:36.840Z - info:    admin cam_do/find_in
2022-07-31T04:55:24.110Z - info:    admin user/find
2022-07-31T04:55:24.111Z - info:    admin department/find
2022-07-31T04:55:24.141Z - info:    admin user_group/find
2022-07-31T04:55:24.457Z - info:    admin user/load_acl
2022-07-31T04:55:34.311Z - info:    admin user/find
2022-07-31T04:55:34.322Z - info:    admin department/find
2022-07-31T04:55:34.327Z - info:    admin user_group/find
2022-07-31T04:55:39.039Z - info:    admin user/load_acl
2022-07-31T04:55:44.635Z - info:    admin user/load_acl
2022-07-31T04:59:30.070Z - info:    admin user/load_acl
2022-07-31T04:59:33.167Z - info:    admin user/load_acl
2022-07-31T04:59:54.613Z - info:    admin cam_do/find_out
2022-07-31T04:59:54.780Z - info:    admin cam_do/find_out
2022-07-31T04:59:57.150Z - info:    admin cam_do/find_out
2022-07-31T04:59:57.168Z - info:    admin cam_do/get_balance
2022-07-31T04:59:57.172Z - info:    admin cam_do/get_report_date
2022-07-31T04:59:57.213Z - info:    admin cam_do/find_in
2022-07-31T04:59:57.443Z - info:    admin cam_do/find_out
2022-07-31T04:59:57.451Z - info:    admin cam_do/get_balance
2022-07-31T04:59:57.461Z - info:    admin cam_do/get_report_date
2022-07-31T04:59:57.498Z - info:    admin cam_do/find_in
2022-07-31T05:00:43.452Z - info:    admin cam_do/get_balance
2022-07-31T05:00:43.453Z - info:    admin cam_do/find_out
2022-07-31T05:00:43.472Z - info:    admin cam_do/get_report_date
2022-07-31T05:00:43.643Z - info:    admin cam_do/find_in
2022-07-31T05:00:43.735Z - info:    admin user/load_acl
2022-07-31T05:00:46.201Z - info:    admin cam_do/find_out
2022-07-31T05:00:46.230Z - info:    admin cam_do/get_balance
2022-07-31T05:00:46.262Z - info:    admin cam_do/get_report_date
2022-07-31T05:00:46.294Z - info:    admin user/load_acl
2022-07-31T05:00:46.304Z - info:    admin cam_do/find_in
2022-07-31T05:03:47.659Z - info:    admin cam_do/get_balance
2022-07-31T05:03:47.660Z - info:    admin cam_do/find_out
2022-07-31T05:03:47.668Z - info:    admin cam_do/get_report_date
2022-07-31T05:03:47.864Z - info:    admin cam_do/find_in
2022-07-31T05:03:47.914Z - info:    admin user/load_acl
2022-07-31T05:03:50.930Z - info:    admin cam_do/find_out
2022-07-31T05:03:50.934Z - info:    admin cam_do/get_report_date
2022-07-31T05:03:50.936Z - info:    admin cam_do/get_balance
2022-07-31T05:03:50.973Z - info:    admin cam_do/find_in
2022-07-31T05:03:51.033Z - info:    admin user/load_acl
2022-07-31T05:04:04.605Z - info:    admin cam_do/find_out
2022-07-31T05:04:06.204Z - info:    admin cam_do/find_out
2022-07-31T05:04:10.119Z - info:    admin cam_do/find_out
2022-07-31T05:04:16.758Z - info:    admin cam_do/save_in
2022-07-31T05:04:16.857Z - info:    admin cam_do/get_balance
2022-07-31T05:04:16.861Z - info:    admin cam_do/get_report_date
2022-07-31T05:04:16.868Z - info:    admin cam_do/find_out
2022-07-31T05:04:16.907Z - info:    admin cam_do/find_in
2022-07-31T05:04:17.105Z - info:    admin cam_do/find_out
2022-07-31T05:04:17.191Z - info:    admin cam_do/find_out
2022-07-31T05:04:21.178Z - info:    admin cam_do/find_in
2022-07-31T05:04:24.670Z - info:    admin cam_do/find_out
2022-07-31T05:04:24.725Z - info:    admin cam_do/find_out
2022-07-31T05:04:30.214Z - info:    admin cam_do/get_balance
2022-07-31T05:04:30.215Z - info:    admin cam_do/find_out
2022-07-31T05:04:30.228Z - info:    admin cam_do/get_report_date
2022-07-31T05:04:30.286Z - info:    admin cam_do/find_in
2022-07-31T05:04:30.401Z - info:    admin cam_do/find_out
2022-07-31T05:04:30.416Z - info:    admin cam_do/get_balance
2022-07-31T05:04:30.467Z - info:    admin cam_do/get_report_date
2022-07-31T05:04:30.500Z - info:    admin cam_do/find_in
2022-07-31T05:04:34.672Z - info:    admin cam_do/find_out
2022-07-31T05:04:34.843Z - info:    admin cam_do/find_out
2022-07-31T05:04:50.130Z - info:    admin cam_do/find_out
2022-07-31T05:04:50.201Z - info:    admin cam_do/find_in
2022-07-31T05:04:50.417Z - info:    admin cam_do/find_out
2022-07-31T05:04:50.450Z - info:    admin cam_do/find_in
2022-07-31T05:05:10.018Z - info:    admin cam_do/save_in
2022-07-31T05:05:10.115Z - info:    admin cam_do/find_out
2022-07-31T05:05:10.121Z - info:    admin cam_do/get_report_date
2022-07-31T05:05:10.122Z - info:    admin cam_do/get_balance
2022-07-31T05:05:10.182Z - info:    admin cam_do/find_in
2022-07-31T05:05:12.918Z - info:    admin cam_do/find_out
2022-07-31T05:05:13.047Z - info:    admin cam_do/find_out
2022-07-31T05:05:14.662Z - info:    admin cam_do/find_out
2022-07-31T05:05:14.672Z - info:    admin cam_do/get_balance
2022-07-31T05:05:14.677Z - info:    admin cam_do/get_report_date
2022-07-31T05:05:14.736Z - info:    admin cam_do/find_in
2022-07-31T05:05:14.849Z - info:    admin cam_do/find_out
2022-07-31T05:05:14.926Z - info:    admin cam_do/get_balance
2022-07-31T05:05:14.932Z - info:    admin cam_do/get_report_date
2022-07-31T05:05:14.963Z - info:    admin cam_do/find_in
2022-07-31T05:05:22.556Z - info:    admin cam_do/find_out
2022-07-31T05:05:25.382Z - info:    admin cam_do/find_out
2022-07-31T05:05:29.225Z - info:    admin cam_do/find_out
2022-07-31T05:05:29.282Z - info:    admin cam_do/find_in
2022-07-31T05:05:32.329Z - info:    admin cam_do/find_out
2022-07-31T05:05:32.370Z - info:    admin cam_do/find_in
2022-07-31T05:05:36.734Z - info:    admin cam_do/save_in
2022-07-31T05:05:36.799Z - info:    admin cam_do/find_out
2022-07-31T05:05:36.801Z - info:    admin cam_do/get_balance
2022-07-31T05:05:36.815Z - info:    admin cam_do/get_report_date
2022-07-31T05:05:36.873Z - info:    admin cam_do/find_in
2022-07-31T05:06:06.627Z - info:    admin user/find
2022-07-31T05:06:06.650Z - info:    admin department/find
2022-07-31T05:06:06.665Z - info:    admin user_group/find
2022-07-31T05:06:06.892Z - info:    admin user/load_acl
2022-07-31T05:06:11.722Z - info:    admin user/load_acl
2022-07-31T05:06:14.885Z - info:    admin user/find
2022-07-31T05:06:14.896Z - info:    admin department/find
2022-07-31T05:06:14.905Z - info:    admin user_group/find
2022-07-31T05:06:14.979Z - info:    admin user/load_acl
2022-07-31T05:06:52.604Z - info:    admin user/find
2022-07-31T05:06:52.611Z - info:    admin department/find
2022-07-31T05:06:52.622Z - info:    admin user_group/find
2022-07-31T05:06:52.682Z - info:    admin user/load_acl
2022-07-31T05:06:58.226Z - info:    admin user/load_acl
2022-07-31T05:07:02.061Z - info:    admin user/load_acl
2022-07-31T05:08:19.335Z - info:    admin user/load_acl
2022-07-31T05:08:20.448Z - info:    admin user/load_acl
2022-07-31T05:08:31.703Z - info:    admin cam_do/find_out
2022-07-31T05:08:31.776Z - info:    admin cam_do/find_out
2022-07-31T05:08:33.667Z - info:    admin cam_do/find_out
2022-07-31T05:08:33.673Z - info:    admin cam_do/get_balance
2022-07-31T05:08:33.685Z - info:    admin cam_do/get_report_date
2022-07-31T05:08:33.771Z - info:    admin cam_do/find_in
2022-07-31T05:08:33.934Z - info:    admin cam_do/find_out
2022-07-31T05:08:33.953Z - info:    admin cam_do/get_balance
2022-07-31T05:08:33.956Z - info:    admin cam_do/get_report_date
2022-07-31T05:08:33.996Z - info:    admin cam_do/find_in
2022-07-31T05:10:10.594Z - info:    admin cam_do/find_out
2022-07-31T05:10:10.604Z - info:    admin cam_do/get_report_date
2022-07-31T05:10:10.618Z - info:    admin cam_do/get_balance
2022-07-31T05:10:10.750Z - info:    admin cam_do/find_in
2022-07-31T05:10:10.829Z - info:    admin user/load_acl
2022-07-31T05:10:14.957Z - info:    admin cam_do/find_out
2022-07-31T05:10:14.966Z - info:    admin cam_do/get_report_date
2022-07-31T05:10:14.983Z - info:    admin cam_do/get_balance
2022-07-31T05:10:15.010Z - info:    admin user/load_acl
2022-07-31T05:10:15.061Z - info:    admin cam_do/find_in
2022-08-28T11:10:17.867Z - info:    55abbe84f48701bc8b3873c72c804bac7a70b3ed2_2942_webapp user/login
2022-08-28T11:10:17.967Z - info:    admin branch/find
2022-08-28T11:10:23.559Z - info:    admin user/load_acl
2022-08-28T11:10:24.008Z - info:    admin cam_do/find_out
2022-08-28T11:10:24.020Z - info:    admin cam_do/get_balance
2022-08-28T11:10:24.025Z - info:    admin cam_do/get_report_date
2022-08-28T11:10:24.064Z - info:    admin cam_do/find_in
2022-09-01T04:28:45.670Z - info:    55abbe84f48701bc8b3873c72c804bac7a70b3ed2_2942_webapp user/login
2022-09-01T04:28:45.745Z - info:    admin branch/find
2022-09-01T04:28:51.040Z - info:    admin user/load_acl
2022-09-01T04:28:51.525Z - info:    admin cam_do/find_out
2022-09-01T04:28:51.535Z - info:    admin cam_do/get_balance
2022-09-01T04:28:51.538Z - info:    admin cam_do/get_report_date
2022-09-01T04:28:51.570Z - info:    admin cam_do/find_in
2022-09-04T08:14:44.126Z - info:    55abbe84f48701bc8b3873c72c804bac7a70b3ed2_2942_webapp user/login
2022-09-04T08:14:44.173Z - info:    admin branch/find
2022-09-04T08:14:49.157Z - info:    admin user/load_acl
2022-09-04T08:14:49.658Z - info:    admin cam_do/find_out
2022-09-04T08:14:49.664Z - info:    admin cam_do/get_report_date
2022-09-04T08:14:49.665Z - info:    admin cam_do/get_balance
2022-09-04T08:14:49.709Z - info:    admin cam_do/find_in
2022-09-04T08:14:52.593Z - info:    admin cam_do/find_out
2022-09-04T08:14:53.989Z - info:    admin cam_do/find_out
2022-09-04T08:14:54.021Z - info:    admin cam_do/get_balance
2022-09-04T08:14:54.031Z - info:    admin cam_do/get_report_date
2022-09-04T08:14:54.039Z - info:    admin cam_do/find_in
2022-09-04T08:14:55.306Z - info:    admin cam_do/find_out
2022-09-18T04:04:37.336Z - info:    55abbe84f48701bc8b3873c72c804bac7a70b3ed2_2942_webapp user/login
2022-09-18T04:04:37.423Z - info:    admin branch/find
2022-09-18T04:04:42.754Z - info:    admin user/load_acl
2022-09-18T04:04:43.268Z - info:    admin cam_do/find_out
2022-09-18T04:07:38.896Z - info:    admin cam_do/get_balance
2022-09-18T04:07:38.908Z - info:    admin cam_do/find_out
2022-09-18T04:07:38.928Z - info:    admin cam_do/get_report_date
2022-09-18T04:07:38.955Z - info:    admin cam_do/find_in
2022-09-18T04:07:40.030Z - info:    admin cam_do/find_out
2022-09-18T04:09:02.649Z - info:    admin cam_do/find_out
2022-09-18T04:09:02.925Z - info:    admin user/load_acl
2022-09-18T04:09:06.645Z - info:    admin cam_do/find_out
2022-09-18T04:09:06.671Z - info:    admin cam_do/get_balance
2022-09-18T04:09:06.672Z - info:    admin cam_do/get_report_date
2022-09-18T04:09:06.721Z - info:    admin cam_do/find_in
2022-09-18T04:09:08.282Z - info:    admin cam_do/find_out
2022-09-18T04:09:13.428Z - info:    admin cam_do/get_balance
2022-09-18T04:09:13.429Z - info:    admin cam_do/find_out
2022-09-18T04:09:13.432Z - info:    admin cam_do/get_report_date
2022-09-18T04:09:13.483Z - info:    admin cam_do/find_in
2022-09-18T04:09:14.746Z - info:    admin cam_do/find_out
2022-09-18T04:09:16.528Z - info:    admin cam_do/find_out
2022-09-18T04:09:18.638Z - info:    admin cam_do/find_out
2022-09-18T04:09:24.068Z - info:    admin cam_do/find_out
2022-09-18T04:09:24.948Z - info:    admin cam_do/find_out
2022-10-13T13:39:40.414Z - info:    55abbe84f48701bc8b3873c72c804bac7a70b3ed2_2942_webapp user/login
2022-10-13T13:39:40.460Z - info:    admin branch/find
2022-10-13T13:39:44.927Z - info:    admin user/load_acl
2022-10-13T13:39:45.295Z - info:    admin cam_do/find_out
2022-10-13T13:39:52.170Z - info:    admin cam_do/find_out
2022-10-13T13:39:52.235Z - info:    admin user/load_acl
2022-10-13T13:39:58.575Z - info:    admin cam_do/find_out
2022-10-13T13:39:58.647Z - info:    admin user/load_acl
2022-10-13T13:40:30.163Z - info:    admin cam_do/find_out
2022-10-13T13:40:36.855Z - info:    admin cam_do/find_out
2022-10-13T13:40:42.270Z - info:    admin cam_do/find_out
2022-10-13T13:41:23.962Z - info:    no session cam_do/find_out
2022-10-13T13:41:24.191Z - info:    no session user/load_acl
2022-10-13T13:41:27.674Z - info:    55abbe84f48701bc8b3873c72c804bac7a70b3ed2_2942_webapp user/login
2022-10-13T13:41:27.703Z - info:    admin branch/find
2022-10-13T13:41:31.917Z - info:    admin user/load_acl
2022-10-13T13:41:31.985Z - info:    admin cam_do/find_out
2022-10-13T13:41:44.838Z - info:    admin cam_do/find_out
2022-10-13T13:44:43.022Z - info:    admin cam_do/find_out
2022-10-13T13:44:43.100Z - info:    admin user/load_acl
2022-10-13T13:45:49.856Z - info:    admin cam_do/find_out
2022-10-13T13:45:49.952Z - info:    admin user/load_acl
2022-10-13T13:47:57.501Z - info:    admin cam_do/find_out
2022-10-13T13:47:57.738Z - info:    admin user/load_acl
2022-10-13T13:49:21.330Z - info:    admin cam_do/find_out
2022-10-13T13:49:21.356Z - info:    admin user/load_acl
2022-10-13T13:59:00.684Z - info:    admin cam_do/find_out
2022-10-13T13:59:00.820Z - info:    admin user/load_acl
2022-10-13T13:59:50.740Z - info:    admin cam_do/find_out
2022-10-13T13:59:50.918Z - info:    admin user/load_acl
2022-10-13T14:00:40.480Z - info:    admin cam_do/find_out
2022-10-13T14:00:40.599Z - info:    admin user/load_acl
2022-10-13T14:02:32.007Z - info:    admin cam_do/find_out
2022-10-13T14:02:33.251Z - info:    admin cam_do/find_out
2022-10-13T14:02:34.618Z - info:    admin cam_do/find_out
2022-10-13T14:02:35.386Z - info:    admin cam_do/find_out
2022-10-13T14:02:39.343Z - info:    admin cam_do/find_out
2022-10-13T14:10:56.307Z - info:    admin cam_do/find_out
2022-10-13T14:10:56.411Z - info:    admin user/load_acl
2022-10-13T14:13:19.757Z - info:    admin cam_do/find_out
2022-10-13T14:13:44.983Z - info:    admin cam_do/find_out
2022-10-13T14:13:45.053Z - info:    admin user/load_acl
2022-10-13T14:14:05.363Z - info:    admin cam_do/find_out
2022-10-13T14:14:05.495Z - info:    admin user/load_acl
2022-10-13T14:18:37.637Z - info:    admin cam_do/find_out
2022-10-13T14:18:37.717Z - info:    admin user/load_acl
2022-10-13T14:18:43.756Z - info:    admin cam_do/find_out
2022-10-13T14:18:45.251Z - info:    admin cam_do/find_out
2022-10-13T14:19:36.411Z - info:    admin cam_do/find_out
2022-10-13T14:19:36.634Z - info:    admin user/load_acl
2022-10-13T14:19:44.315Z - info:    admin user/find
2022-10-13T14:19:44.328Z - info:    admin department/find
2022-10-13T14:19:44.334Z - info:    admin user_group/find
2022-10-13T14:19:44.544Z - info:    admin user/load_acl
2022-10-13T14:19:52.180Z - info:    admin user/load_acl
2022-10-13T14:21:01.923Z - info:    admin user/load_acl
2022-10-13T14:21:36.751Z - info:    admin user/find
2022-10-13T14:21:36.754Z - info:    admin department/find
2022-10-13T14:21:36.758Z - info:    admin user_group/find
2022-10-13T14:21:36.893Z - info:    admin user/load_acl
2022-10-13T14:21:42.522Z - info:    admin user/load_acl
2022-10-13T14:22:23.438Z - info:    admin user/load_acl
2022-10-13T14:22:43.625Z - info:    admin user/load_acl
2022-10-13T14:23:48.391Z - info:    admin user/load_acl
2022-10-13T14:26:34.820Z - info:    admin user/load_acl
2022-10-13T14:28:37.194Z - info:    admin user/load_acl
2022-10-13T14:30:34.901Z - info:    admin cam_do/find_out
2022-10-13T14:30:38.577Z - info:    admin cam_do/find_out
2022-10-14T13:16:31.722Z - info:    55abbe84f48701bc8b3873c72c804bac7a70b3ed2_2942_webapp user/login
2022-10-14T13:16:31.758Z - info:    admin branch/find
2022-10-14T13:16:36.403Z - info:    admin user/load_acl
2022-10-14T13:16:36.711Z - info:    admin cam_do/find_out
2022-10-14T13:16:41.081Z - info:    admin cam_do/find_out
2022-10-14T13:24:02.702Z - info:    admin user/load_acl
2022-10-14T13:24:07.309Z - info:    admin user/load_acl
2022-10-14T13:28:54.210Z - info:    admin user/load_acl
2022-10-14T13:28:57.626Z - info:    admin cam_do/find_out
2022-10-14T13:29:02.456Z - info:    admin cam_do/find_out
2022-10-14T13:29:10.743Z - info:    admin cam_do/find_out
2022-10-14T13:29:24.071Z - info:    admin cam_do/find_out
2022-10-14T13:29:35.552Z - info:    admin cam_do/find_out
2022-10-14T13:29:37.893Z - info:    admin cam_do/find_out
2022-10-14T13:30:07.292Z - info:    admin cam_do/find_out
2022-10-14T13:30:50.930Z - info:    admin cam_do/find_out
2022-10-14T13:31:15.767Z - info:    admin cam_do/find_out
2022-10-14T13:35:30.159Z - info:    admin cam_do/find_out
2022-10-14T13:35:30.381Z - info:    admin user/load_acl
2022-10-14T13:36:54.065Z - info:    admin cam_do/find_out
2022-10-14T13:36:54.128Z - info:    admin user/load_acl
2022-10-14T13:38:23.500Z - info:    admin cam_do/find_out
2022-10-14T13:38:23.602Z - info:    admin user/load_acl
2022-10-14T13:39:35.693Z - info:    admin cam_do/find_out
2022-10-14T13:39:35.727Z - info:    admin user/load_acl
2022-10-14T13:41:37.428Z - info:    admin cam_do/find_out
2022-10-14T13:41:37.472Z - info:    admin user/load_acl
2022-10-14T13:44:00.524Z - info:    admin cam_do/find_out
2022-10-14T13:44:03.852Z - info:    admin cam_do/find_out
2022-10-14T13:44:06.016Z - info:    admin cam_do/find_out
2022-10-14T13:44:07.742Z - info:    admin cam_do/find_out
2022-10-14T13:44:09.562Z - info:    admin cam_do/find_out
2022-10-14T13:44:11.572Z - info:    admin cam_do/find_out
2022-10-14T13:44:16.011Z - info:    admin cam_do/find_out
2022-10-14T13:44:18.150Z - info:    admin cam_do/find_out
2022-10-14T13:45:18.472Z - info:    admin cam_do/find_out
2022-10-14T13:45:18.578Z - info:    admin user/load_acl
2022-10-14T13:45:42.206Z - info:    admin cam_do/find_out
2022-10-14T13:45:42.318Z - info:    admin user/load_acl
2022-10-14T13:45:57.432Z - info:    admin cam_do/find_out
2022-10-14T13:45:58.727Z - info:    admin cam_do/find_out
2022-10-14T13:45:59.748Z - info:    admin cam_do/find_out
2022-10-14T13:46:01.219Z - info:    admin cam_do/find_out
2022-10-14T13:46:02.069Z - info:    admin cam_do/find_out
2022-10-14T13:46:02.981Z - info:    admin cam_do/find_out
2022-10-14T13:49:38.191Z - info:    admin cam_do/find_out
2022-10-14T13:53:53.147Z - info:    admin cam_do/find_out
2022-10-14T13:53:53.189Z - info:    admin user/load_acl
2022-10-14T13:56:06.243Z - info:    admin cam_do/find_out
2022-10-14T13:56:06.313Z - info:    admin user/load_acl
2022-10-14T14:01:36.325Z - info:    admin cam_do/save_out
2022-10-14T14:01:36.439Z - info:    admin cam_do/find_out
2022-10-14T14:01:36.456Z - info:    admin cam_do/get_balance
2022-10-14T14:01:36.475Z - info:    admin cam_do/get_report_date
2022-10-14T14:01:36.495Z - info:    admin cam_do/find_in
2022-10-14T14:03:08.842Z - info:    admin cam_do/find_out
2022-10-14T14:03:08.846Z - info:    admin cam_do/get_balance
2022-10-14T14:03:08.854Z - info:    admin cam_do/get_report_date
2022-10-14T14:03:08.928Z - info:    admin cam_do/find_in
2022-10-14T14:03:08.960Z - info:    admin user/load_acl
2022-10-14T14:03:12.123Z - info:    admin cam_do/find_out
2022-10-14T14:04:36.641Z - info:    admin cam_do/find_out
2022-10-14T14:04:38.098Z - info:    admin cam_do/find_out
2022-10-14T14:05:27.295Z - info:    admin cam_do/find_out
2022-10-14T14:05:29.667Z - info:    admin cam_do/find_out
2022-10-14T14:06:03.774Z - info:    admin cam_do/find_out
2022-10-14T14:06:05.156Z - info:    admin cam_do/find_out
2022-10-14T14:07:22.424Z - info:    admin cam_do/find_out
2022-10-14T14:07:23.705Z - info:    admin cam_do/find_out
2022-10-14T14:07:55.285Z - info:    admin cam_do/find_out
2022-10-14T14:07:56.836Z - info:    admin cam_do/find_out
2022-10-14T14:07:59.037Z - info:    admin cam_do/find_out
2022-10-14T14:08:01.788Z - info:    admin cam_do/find_out
2022-10-14T14:11:17.834Z - info:    admin cam_do/find_out
2022-10-14T14:11:21.059Z - info:    admin cam_do/find_out
2022-10-14T14:11:24.358Z - info:    admin cam_do/find_out
2022-10-14T14:11:31.343Z - info:    admin cam_do/find_out
2022-10-14T14:11:36.453Z - info:    admin cam_do/find_out
2022-10-15T01:35:51.773Z - info:    55abbe84f48701bc8b3873c72c804bac7a70b3ed2_2942_webapp user/login
2022-10-15T01:35:51.811Z - info:    admin branch/find
2022-10-15T01:35:56.577Z - info:    admin user/load_acl
2022-10-15T01:35:57.014Z - info:    admin cam_do/find_out
2022-10-15T01:45:41.718Z - info:    admin cam_do/find_out
2022-10-15T01:45:41.934Z - info:    admin user/load_acl
2022-10-15T01:46:29.234Z - info:    admin cam_do/find_out
2022-10-15T01:46:29.300Z - info:    admin user/load_acl
2022-10-15T01:46:55.501Z - info:    admin cam_do/find_out
2022-10-15T01:46:55.612Z - info:    admin user/load_acl
2022-10-15T01:48:00.639Z - info:    admin cam_do/find_out
2022-10-15T01:48:00.873Z - info:    admin user/load_acl
2022-10-15T01:48:44.406Z - info:    admin cam_do/find_out
2022-10-15T01:48:44.577Z - info:    admin user/load_acl
2022-10-15T01:49:22.401Z - info:    admin cam_do/find_out
2022-10-15T01:49:22.510Z - info:    admin user/load_acl
2022-10-15T01:49:37.806Z - info:    admin cam_do/find_out
2022-10-15T01:49:37.934Z - info:    admin user/load_acl
2022-10-15T01:51:10.424Z - info:    admin cam_do/find_out
2022-10-15T01:51:10.530Z - info:    admin user/load_acl
2022-10-15T01:51:54.302Z - info:    admin cam_do/find_out
2022-10-15T01:51:54.401Z - info:    admin user/load_acl
2022-10-15T01:52:28.819Z - info:    admin cam_do/find_out
2022-10-15T01:52:28.859Z - info:    admin user/load_acl
2022-10-15T01:52:48.982Z - info:    admin cam_do/find_out
2022-10-15T01:52:49.028Z - info:    admin user/load_acl
2022-10-15T01:53:27.467Z - info:    admin cam_do/find_out
2022-10-15T01:53:27.543Z - info:    admin user/load_acl
2022-10-15T01:54:01.156Z - info:    admin cam_do/find_out
2022-10-15T01:54:01.232Z - info:    admin user/load_acl
2022-10-15T01:54:20.550Z - info:    admin cam_do/find_out
2022-10-15T01:54:20.641Z - info:    admin user/load_acl
2022-10-15T01:56:00.356Z - info:    admin cam_do/save_out
2022-10-15T01:56:00.455Z - info:    admin cam_do/find_out
2022-10-15T01:56:00.485Z - info:    admin cam_do/get_balance
2022-10-15T01:56:00.489Z - info:    admin cam_do/get_report_date
2022-10-15T01:56:00.518Z - info:    admin cam_do/find_in
2022-10-15T01:56:08.245Z - info:    admin cam_do/find_out
2022-10-15T01:56:16.034Z - info:    admin cam_do/find_out
2022-10-15T01:56:38.568Z - info:    admin cam_do/find_out
2022-10-15T01:57:04.354Z - info:    admin cam_do/find_out
2022-10-15T01:57:12.367Z - info:    admin cam_do/find_out
2022-10-15T01:57:41.860Z - info:    admin cam_do/save_out
2022-10-15T01:57:41.928Z - info:    admin cam_do/find_out
2022-10-15T01:57:41.942Z - info:    admin cam_do/get_balance
2022-10-15T01:57:41.951Z - info:    admin cam_do/get_report_date
2022-10-15T01:57:41.967Z - info:    admin cam_do/find_in
2022-10-15T01:57:45.233Z - info:    admin cam_do/find_out
2022-10-15T01:58:20.565Z - info:    admin cam_do/find_out
2022-10-15T01:58:20.657Z - info:    admin user/load_acl
2022-10-15T01:59:35.060Z - info:    admin cam_do/find_out
2022-10-15T01:59:35.302Z - info:    admin user/load_acl
2022-10-15T01:59:49.535Z - info:    admin cam_do/find_out
2022-10-15T02:02:24.590Z - info:    admin cam_do/find_out
2022-10-15T02:02:24.885Z - info:    admin user/load_acl
2022-10-15T02:03:28.123Z - info:    admin cam_do/find_out
2022-10-15T02:03:28.255Z - info:    admin user/load_acl
2022-10-15T02:03:53.154Z - info:    admin cam_do/find_out
2022-10-15T02:03:53.313Z - info:    admin user/load_acl
2022-10-15T02:04:30.862Z - info:    admin cam_do/find_out
2022-10-15T02:04:30.977Z - info:    admin user/load_acl
2022-10-15T02:04:46.139Z - info:    admin cam_do/find_out
2022-10-15T02:04:57.624Z - info:    admin cam_do/find_out
2022-10-15T02:05:08.757Z - info:    admin cam_do/find_out
2022-10-15T02:05:17.410Z - info:    admin cam_do/find_out
2022-10-15T02:05:21.813Z - info:    admin cam_do/find_out
2022-10-15T02:05:28.202Z - info:    admin cam_do/find_out
2022-10-15T02:05:35.737Z - info:    admin cam_do/find_out
2022-10-15T02:06:55.921Z - info:    admin cam_do/find_out
2022-10-15T02:06:56.293Z - info:    admin user/load_acl
2022-10-15T02:07:07.332Z - info:    admin cam_do/find_out
2022-10-15T02:07:07.620Z - info:    admin user/load_acl
2022-10-15T02:08:14.324Z - info:    admin cam_do/find_out
2022-10-15T02:08:14.502Z - info:    admin user/load_acl
2022-10-15T02:08:58.327Z - info:    admin cam_do/find_out
2022-10-15T02:08:58.437Z - info:    admin user/load_acl
2022-10-15T02:09:32.606Z - info:    55abbe84f48701bc8b3873c72c804bac7a70b3ed2_2942_webapp user/login
2022-10-15T02:09:32.637Z - info:    admin branch/find
2022-10-15T02:09:36.650Z - info:    admin user/load_acl
2022-10-15T02:09:36.800Z - info:    admin cam_do/find_out
2022-10-15T02:10:31.446Z - info:    admin cam_do/find_out
2022-10-15T02:10:31.622Z - info:    admin user/load_acl
2022-10-15T02:13:04.622Z - info:    admin cam_do/find_out
2022-10-15T02:13:04.788Z - info:    admin user/load_acl
2022-10-15T02:14:59.555Z - info:    admin cam_do/find_out
2022-10-15T02:14:59.755Z - info:    admin user/load_acl
2022-10-15T02:17:12.102Z - info:    admin cam_do/find_out
2022-10-15T02:17:12.777Z - info:    admin user/load_acl
2022-10-15T02:17:50.381Z - error:   error data request /cam_do/ghi_chu
2022-10-15T02:17:50.382Z - info:    admin cam_do/ghi_chu
2022-10-15T02:18:28.789Z - info:    admin cam_do/find_out
2022-10-15T02:18:28.981Z - info:    admin user/load_acl
2022-10-15T02:19:31.247Z - info:    admin cam_do/find_out
2022-10-15T02:19:31.443Z - info:    admin user/load_acl
2022-10-15T02:20:18.530Z - info:    admin cam_do/find_out
2022-10-15T02:20:18.712Z - info:    admin user/load_acl
2022-10-15T02:21:14.657Z - info:    admin cam_do/find_out
2022-10-15T02:21:14.829Z - info:    admin user/load_acl
2022-10-15T02:30:35.896Z - info:    admin cam_do/find_out
2022-10-15T02:30:36.165Z - info:    admin user/load_acl
2022-10-15T02:31:39.285Z - info:    admin cam_do/find_out
2022-10-15T02:31:39.531Z - info:    admin user/load_acl
2022-10-15T02:32:13.871Z - info:    admin cam_do/find_out
2022-10-15T02:32:14.051Z - info:    admin user/load_acl
2022-10-15T02:33:12.195Z - info:    admin cam_do/find_out
2022-10-15T02:33:12.421Z - info:    admin user/load_acl
2022-10-15T02:34:14.914Z - info:    admin cam_do/find_out
2022-10-15T02:34:15.057Z - info:    admin user/load_acl
2022-10-15T02:35:51.715Z - info:    admin cam_do/find_out
2022-10-15T02:35:51.782Z - info:    admin user/load_acl
2022-10-15T02:36:44.848Z - info:    admin cam_do/find_out
2022-10-15T02:36:45.052Z - info:    admin user/load_acl
2022-10-15T02:37:18.633Z - info:    admin cam_do/find_out
2022-10-15T02:39:45.933Z - info:    admin cam_do/find_out
2022-10-15T02:39:46.138Z - info:    admin user/load_acl
2022-10-15T02:40:34.673Z - info:    admin cam_do/find_out
2022-10-15T02:40:46.886Z - info:    admin cam_do/find_out
2022-10-15T02:41:12.581Z - info:    admin cam_do/find_out
2022-10-15T02:41:12.801Z - info:    admin user/load_acl
2022-10-15T02:41:56.179Z - info:    admin cam_do/find_out
2022-10-15T02:41:56.397Z - info:    admin user/load_acl
2022-10-15T02:46:23.560Z - info:    admin cam_do/find_out
2022-10-15T02:46:23.685Z - info:    admin user/load_acl
2022-10-15T02:48:32.311Z - info:    admin cam_do/find_out
2022-10-15T02:48:32.498Z - info:    admin user/load_acl
2022-10-15T02:50:11.596Z - info:    admin cam_do/find_out
2022-10-15T02:50:11.878Z - info:    admin user/load_acl
2022-10-15T02:53:34.361Z - info:    admin cam_do/find_out
2022-10-15T02:53:34.521Z - info:    admin user/load_acl
2022-10-15T02:58:25.691Z - info:    admin cam_do/find_out
2022-10-15T02:58:25.774Z - info:    admin user/load_acl
2022-10-15T03:00:58.813Z - info:    admin cam_do/find_out
2022-10-15T03:00:59.082Z - info:    admin user/load_acl
2022-10-15T03:01:19.483Z - info:    admin cam_do/find_out
2022-10-15T03:01:19.644Z - info:    admin user/load_acl
2022-10-15T03:01:30.267Z - info:    admin cam_do/find_out
2022-10-15T03:01:30.364Z - info:    admin user/load_acl
2022-10-15T03:02:29.436Z - info:    admin cam_do/find_out
2022-10-15T03:02:29.631Z - info:    admin user/load_acl
2022-10-15T03:07:45.590Z - info:    admin cam_do/find_out
2022-10-15T03:07:45.671Z - info:    admin user/load_acl
2022-10-15T03:08:42.796Z - info:    admin cam_do/find_out
2022-10-15T03:08:43.078Z - info:    admin user/load_acl
2022-10-15T03:10:52.141Z - info:    admin cam_do/find_out
2022-10-15T03:10:52.306Z - info:    admin user/load_acl
2022-10-15T03:11:14.498Z - info:    admin cam_do/find_out
2022-10-15T03:11:14.709Z - info:    admin user/load_acl
2022-10-15T03:12:16.390Z - info:    admin cam_do/find_out
2022-10-15T03:12:16.446Z - info:    admin user/load_acl
2022-10-15T03:12:42.905Z - info:    admin cam_do/find_out
2022-10-15T03:12:43.024Z - info:    admin user/load_acl
2022-10-15T03:13:16.075Z - info:    admin cam_do/find_out
2022-10-15T03:13:16.287Z - info:    admin user/load_acl
2022-10-15T03:17:44.482Z - info:    admin cam_do/find_out
2022-10-15T03:17:44.617Z - info:    admin user/load_acl
2022-10-15T03:20:15.513Z - info:    admin cam_do/find_out
2022-10-15T03:20:15.723Z - info:    admin user/load_acl
2022-10-15T03:21:22.119Z - info:    admin cam_do/find_out
2022-10-15T03:21:22.302Z - info:    admin user/load_acl
2022-10-15T03:22:19.635Z - info:    admin cam_do/find_out
2022-10-15T03:22:19.806Z - info:    admin user/load_acl
2022-10-15T03:24:44.602Z - info:    admin cam_do/find_out
2022-10-15T03:24:44.703Z - info:    admin user/load_acl
2022-10-15T03:25:03.882Z - info:    admin cam_do/find_out
2022-10-15T03:27:33.625Z - info:    admin cam_do/find_out
2022-10-15T03:27:33.840Z - info:    admin user/load_acl
2022-10-15T03:27:41.616Z - info:    admin cam_do/find_out
2022-10-15T03:27:43.365Z - info:    admin cam_do/find_out
2022-10-15T03:27:43.385Z - info:    admin cam_do/get_balance
2022-10-15T03:27:43.390Z - info:    admin cam_do/get_report_date
2022-10-15T03:27:43.435Z - info:    admin cam_do/find_in
2022-10-15T03:27:45.191Z - info:    admin cam_do/find_out
2022-10-15T03:27:51.280Z - info:    admin cam_do/find_out
2022-10-15T03:28:38.517Z - info:    admin cam_do/find_out
2022-10-15T03:28:38.620Z - info:    admin user/load_acl
2022-10-15T03:28:58.043Z - info:    admin cam_do/find_out
2022-10-15T03:28:58.121Z - info:    admin user/load_acl
2022-10-15T03:33:57.808Z - info:    admin cam_do/find_out
2022-10-15T03:33:58.054Z - info:    admin user/load_acl
2022-10-15T03:34:26.501Z - error:   error data request /cam_do/lien_he
2022-10-15T03:34:26.502Z - info:    admin cam_do/lien_he
2022-10-15T03:35:25.966Z - error:   error data request /cam_do/lien_he
2022-10-15T03:35:25.968Z - info:    admin cam_do/lien_he
2022-10-15T03:36:41.923Z - info:    admin cam_do/find_out
2022-10-15T03:36:42.182Z - info:    admin user/load_acl
2022-10-15T03:36:48.862Z - info:    admin cam_do/lien_he
2022-10-15T03:36:49.327Z - info:    admin cam_do/find_out
2022-10-15T03:39:01.721Z - info:    admin cam_do/find_out
2022-10-15T03:39:01.859Z - info:    admin user/load_acl
2022-10-15T03:41:21.976Z - info:    admin cam_do/find_out
2022-10-15T03:41:22.067Z - info:    admin user/load_acl
2022-10-15T03:41:39.412Z - info:    admin cam_do/find_out
2022-10-15T03:41:39.619Z - info:    admin user/load_acl
2022-10-15T03:42:37.627Z - info:    admin cam_do/find_out
2022-10-15T03:42:37.855Z - info:    admin user/load_acl
2022-10-15T03:42:51.914Z - info:    admin cam_do/lien_he
2022-10-15T03:42:52.364Z - info:    admin cam_do/find_out
2022-10-15T03:43:05.178Z - info:    admin cam_do/find_out
2022-10-15T03:47:09.758Z - info:    admin cam_do/find_out
2022-10-15T03:47:09.835Z - info:    admin user/load_acl
2022-10-15T03:48:09.532Z - info:    admin cam_do/find_out
2022-10-15T03:48:09.589Z - info:    admin user/load_acl
2022-10-15T03:48:33.854Z - info:    admin cam_do/lien_he
2022-10-15T03:48:34.306Z - info:    admin cam_do/find_out
2022-10-15T03:49:30.681Z - info:    admin cam_do/find_out
2022-10-15T03:49:30.970Z - info:    admin user/load_acl
2022-10-15T03:49:38.575Z - info:    admin cam_do/lien_he
2022-10-15T03:49:39.030Z - info:    admin cam_do/find_out
2022-10-15T03:51:17.004Z - info:    admin cam_do/find_out
2022-10-15T03:51:17.305Z - info:    admin user/load_acl
2022-10-15T03:52:08.478Z - info:    admin cam_do/find_out
2022-10-15T03:52:08.682Z - info:    admin user/load_acl
2022-10-15T03:57:19.893Z - info:    admin cam_do/find_out
2022-10-15T03:57:20.179Z - info:    admin user/load_acl
2022-10-15T03:58:19.739Z - info:    admin cam_do/find_out
2022-10-15T03:58:19.932Z - info:    admin user/load_acl
2022-10-15T03:58:30.516Z - info:    admin cam_do/find_out
2022-10-15T03:58:30.626Z - info:    admin user/load_acl
2022-10-15T03:59:19.589Z - info:    admin cam_do/find_out
2022-10-15T03:59:19.802Z - info:    admin user/load_acl
2022-10-15T03:59:29.629Z - info:    admin cam_do/lien_he
2022-10-15T03:59:30.073Z - info:    admin cam_do/find_out
2022-10-15T03:59:43.375Z - info:    admin cam_do/find_out
2022-10-15T03:59:43.710Z - info:    admin user/load_acl
2022-10-15T04:00:08.656Z - info:    admin cam_do/lien_he
2022-10-15T04:00:09.137Z - info:    admin cam_do/find_out
2022-10-15T04:00:39.455Z - info:    admin cam_do/find_out
2022-10-15T04:02:47.008Z - info:    admin cam_do/find_out
2022-10-15T04:02:47.236Z - info:    admin user/load_acl
2022-10-15T04:03:14.906Z - info:    admin cam_do/find_out
2022-10-15T04:03:15.138Z - info:    admin user/load_acl
2022-10-15T04:04:37.640Z - info:    admin cam_do/find_out
2022-10-15T04:04:37.756Z - info:    admin user/load_acl
2022-10-15T04:09:16.573Z - info:    admin cam_do/find_out
2022-10-15T04:10:49.834Z - info:    admin cam_do/find_out
2022-10-15T04:10:49.985Z - info:    admin user/load_acl
2022-10-15T04:11:14.083Z - info:    admin cam_do/find_out
2022-10-15T04:12:24.150Z - info:    admin cam_do/find_out
2022-10-15T04:12:24.262Z - info:    admin user/load_acl
2022-10-15T04:15:18.543Z - info:    admin cam_do/find_out
2022-10-15T04:15:18.768Z - info:    admin user/load_acl
2022-10-15T04:15:36.567Z - info:    admin cam_do/get_balance
2022-10-15T04:15:36.574Z - info:    admin cam_do/find_out
2022-10-15T04:15:36.593Z - info:    admin cam_do/get_report_date
2022-10-15T04:15:36.676Z - info:    admin cam_do/find_in
2022-10-15T04:15:38.960Z - info:    admin cam_do/find_out
2022-10-15T04:16:00.952Z - info:    admin cam_do/find_out
2022-10-15T04:16:00.956Z - info:    admin cam_do/get_balance
2022-10-15T04:16:00.982Z - info:    admin cam_do/get_report_date
2022-10-15T04:16:01.037Z - info:    admin cam_do/find_in
2022-10-15T04:16:02.590Z - info:    admin cam_do/find_out
2022-10-15T07:00:54.110Z - info:    55abbe84f48701bc8b3873c72c804bac7a70b3ed2_2942_webapp user/login
2022-10-15T07:00:54.145Z - info:    admin branch/find
2022-10-15T07:01:00.073Z - info:    admin user/load_acl
2022-10-15T07:01:00.560Z - info:    admin cam_do/find_out
2022-10-15T07:01:15.729Z - info:    admin cam_do/find_out
2022-10-15T07:10:13.869Z - info:    admin cam_do/find_out
2022-10-15T07:10:15.305Z - info:    admin cam_do/find_out
2022-10-15T07:10:25.183Z - info:    admin cam_do/find_out
2022-10-15T07:10:50.969Z - info:    admin cam_do/save_in
2022-10-15T07:10:51.093Z - info:    admin cam_do/find_out
2022-10-15T07:10:51.121Z - info:    admin cam_do/get_balance
2022-10-15T07:10:51.131Z - info:    admin cam_do/get_report_date
2022-10-15T07:10:51.137Z - info:    admin cam_do/find_in
2022-10-15T07:10:57.139Z - info:    admin cam_do/find_out
2022-10-15T07:11:10.973Z - info:    admin cam_do/find_in
2022-10-15T07:11:15.131Z - info:    admin cam_do/find_out
2022-10-15T07:11:15.177Z - info:    admin cam_do/find_in
2022-10-15T07:11:19.857Z - info:    admin cam_do/find_out
2022-10-15T07:11:23.954Z - info:    admin cam_do/find_out
2022-10-15T07:11:31.400Z - info:    admin cam_do/lien_he
2022-10-15T07:11:31.859Z - info:    admin cam_do/find_out
2022-10-15T07:11:42.058Z - info:    admin cam_do/lien_he
2022-10-15T07:11:42.523Z - info:    admin cam_do/find_out
2022-10-15T07:11:47.656Z - info:    admin cam_do/find_out
2022-10-15T07:11:56.658Z - info:    admin cam_do/find_out
2022-10-15T07:12:02.441Z - info:    admin cam_do/find_out
2022-10-15T07:12:05.462Z - info:    admin cam_do/find_out
2022-10-15T07:12:16.631Z - info:    admin cam_do/find_out
2022-10-15T07:12:18.233Z - info:    admin cam_do/find_out
2022-10-15T07:12:21.431Z - info:    admin cam_do/find_out
2022-10-15T07:12:21.480Z - info:    admin cam_do/find_in
2022-10-15T07:13:36.608Z - info:    admin cam_do/find_out
2022-10-15T07:15:15.551Z - info:    admin cam_do/find_out
2022-10-15T07:15:15.750Z - info:    admin user/load_acl
2022-10-15T07:15:19.660Z - info:    admin cam_do/find_out
2022-10-15T07:15:21.725Z - info:    admin cam_do/find_out
2022-10-15T07:15:23.743Z - info:    admin cam_do/find_out
2022-10-15T07:15:25.151Z - info:    admin cam_do/find_out
2022-10-15T07:16:11.290Z - info:    admin cam_do/find_out
2022-10-15T07:16:11.341Z - info:    admin user/load_acl
2022-10-15T07:17:30.194Z - info:    admin cam_do/find_out
2022-10-15T07:19:03.102Z - info:    admin cam_do/find_out
2022-10-15T07:19:03.365Z - info:    admin user/load_acl
2022-10-15T07:21:46.455Z - info:    admin cam_do/find_out
2022-10-15T07:21:46.543Z - info:    admin user/load_acl
2022-10-15T07:21:52.404Z - info:    admin cam_do/lien_he
2022-10-15T07:21:52.871Z - info:    admin cam_do/find_out
2022-10-15T07:21:58.404Z - info:    admin cam_do/find_out
2022-10-15T07:22:03.260Z - info:    admin cam_do/find_out
2022-10-15T07:22:47.293Z - info:    admin cam_do/find_out
2022-10-15T07:22:47.485Z - info:    admin user/load_acl
2022-10-15T07:25:58.241Z - info:    admin cam_do/find_out
2022-10-15T07:25:58.478Z - info:    admin user/load_acl
2022-10-15T07:48:01.892Z - info:    55abbe84f48701bc8b3873c72c804bac7a70b3ed2_2942_webapp user/login
2022-10-15T07:48:01.921Z - info:    admin branch/find
2022-10-15T07:48:06.771Z - info:    admin user/load_acl
2022-10-15T07:48:06.908Z - info:    admin cam_do/find_out
2022-10-15T07:48:09.489Z - info:    admin department/find
2022-10-15T07:48:09.519Z - info:    admin user/find
2022-10-15T07:48:09.552Z - info:    admin user_group/find
2022-10-15T07:48:09.635Z - info:    admin user/load_acl
2022-10-15T07:48:13.026Z - info:    admin permission/load_all_permission
2022-10-15T07:48:33.566Z - info:    admin permission/add_action
2022-10-15T07:48:33.579Z - error:   Error: ER_NO_DEFAULT_FOR_FIELD: Field '_order' doesn't have a default value
    at Query.Sequence._packetToError (/Users/trungdang/Nodejs/cam_do/serverAPI/node_modules/mysql/lib/protocol/sequences/Sequence.js:52:14)
    at Query.ErrorPacket (/Users/trungdang/Nodejs/cam_do/serverAPI/node_modules/mysql/lib/protocol/sequences/Query.js:77:18)
    at Protocol._parsePacket (/Users/trungdang/Nodejs/cam_do/serverAPI/node_modules/mysql/lib/protocol/Protocol.js:279:23)
    at Parser.write (/Users/trungdang/Nodejs/cam_do/serverAPI/node_modules/mysql/lib/protocol/Parser.js:76:12)
    at Protocol.write (/Users/trungdang/Nodejs/cam_do/serverAPI/node_modules/mysql/lib/protocol/Protocol.js:39:16)
    at Socket.<anonymous> (/Users/trungdang/Nodejs/cam_do/serverAPI/node_modules/mysql/lib/Connection.js:103:28)
    at Socket.emit (node:events:527:28)
    at addChunk (node:internal/streams/readable:315:12)
    at readableAddChunk (node:internal/streams/readable:289:9)
    at Socket.Readable.push (node:internal/streams/readable:228:10)
    --------------------
    at Protocol._enqueue (/Users/trungdang/Nodejs/cam_do/serverAPI/node_modules/mysql/lib/protocol/Protocol.js:145:48)
    at PoolConnection.query (/Users/trungdang/Nodejs/cam_do/serverAPI/node_modules/mysql/lib/Connection.js:208:25)
    at /Users/trungdang/Nodejs/cam_do/serverAPI/models/baseModel.js:200:22
    at new Promise (<anonymous>)
    at aclActionModel.insertAsync (/Users/trungdang/Nodejs/cam_do/serverAPI/models/baseModel.js:197:16)
    at /Users/trungdang/Nodejs/cam_do/serverAPI/controllers/permission_ctrl.js:401:38
    at processTicksAndRejections (node:internal/process/task_queues:96:5) {
  code: 'ER_NO_DEFAULT_FOR_FIELD',
  errno: 1364,
  sqlMessage: "Field '_order' doesn't have a default value",
  sqlState: 'HY000',
  index: 0,
  sql: "INSERT INTO `acl_action` SET `url` = 'Liên hệ đến hạn', `name` = 'lien_he_den_han', `acl_group_action_id` = 5, `_type` = 'Khác'"
} permission_ctrl.add_action
2022-10-15T07:49:40.747Z - info:    admin permission/add_action
2022-10-15T07:49:40.758Z - error:   Error: ER_NO_DEFAULT_FOR_FIELD: Field '_order' doesn't have a default value
    at Query.Sequence._packetToError (/Users/trungdang/Nodejs/cam_do/serverAPI/node_modules/mysql/lib/protocol/sequences/Sequence.js:52:14)
    at Query.ErrorPacket (/Users/trungdang/Nodejs/cam_do/serverAPI/node_modules/mysql/lib/protocol/sequences/Query.js:77:18)
    at Protocol._parsePacket (/Users/trungdang/Nodejs/cam_do/serverAPI/node_modules/mysql/lib/protocol/Protocol.js:279:23)
    at Parser.write (/Users/trungdang/Nodejs/cam_do/serverAPI/node_modules/mysql/lib/protocol/Parser.js:76:12)
    at Protocol.write (/Users/trungdang/Nodejs/cam_do/serverAPI/node_modules/mysql/lib/protocol/Protocol.js:39:16)
    at Socket.<anonymous> (/Users/trungdang/Nodejs/cam_do/serverAPI/node_modules/mysql/lib/Connection.js:103:28)
    at Socket.emit (node:events:527:28)
    at addChunk (node:internal/streams/readable:315:12)
    at readableAddChunk (node:internal/streams/readable:289:9)
    at Socket.Readable.push (node:internal/streams/readable:228:10)
    --------------------
    at Protocol._enqueue (/Users/trungdang/Nodejs/cam_do/serverAPI/node_modules/mysql/lib/protocol/Protocol.js:145:48)
    at PoolConnection.query (/Users/trungdang/Nodejs/cam_do/serverAPI/node_modules/mysql/lib/Connection.js:208:25)
    at /Users/trungdang/Nodejs/cam_do/serverAPI/models/baseModel.js:200:22
    at new Promise (<anonymous>)
    at aclActionModel.insertAsync (/Users/trungdang/Nodejs/cam_do/serverAPI/models/baseModel.js:197:16)
    at /Users/trungdang/Nodejs/cam_do/serverAPI/controllers/permission_ctrl.js:401:38
    at processTicksAndRejections (node:internal/process/task_queues:96:5) {
  code: 'ER_NO_DEFAULT_FOR_FIELD',
  errno: 1364,
  sqlMessage: "Field '_order' doesn't have a default value",
  sqlState: 'HY000',
  index: 0,
  sql: "INSERT INTO `acl_action` SET `url` = 'lien_he_den_han', `name` = 'Liên hệ đến hạn', `acl_group_action_id` = 5, `_type` = 'Khác', `acl_type` = 'user'"
} permission_ctrl.add_action
2022-10-15T07:50:29.080Z - info:    admin department/find
2022-10-15T07:50:29.083Z - info:    admin user/find
2022-10-15T07:50:29.088Z - info:    admin user_group/find
2022-10-15T07:50:30.442Z - info:    admin permission/load_all_permission
2022-10-15T07:50:56.741Z - info:    admin permission/add_action
2022-10-15T07:50:56.746Z - error:   Error: ER_NO_DEFAULT_FOR_FIELD: Field '_order' doesn't have a default value
    at Query.Sequence._packetToError (/Users/trungdang/Nodejs/cam_do/serverAPI/node_modules/mysql/lib/protocol/sequences/Sequence.js:52:14)
    at Query.ErrorPacket (/Users/trungdang/Nodejs/cam_do/serverAPI/node_modules/mysql/lib/protocol/sequences/Query.js:77:18)
    at Protocol._parsePacket (/Users/trungdang/Nodejs/cam_do/serverAPI/node_modules/mysql/lib/protocol/Protocol.js:279:23)
    at Parser.write (/Users/trungdang/Nodejs/cam_do/serverAPI/node_modules/mysql/lib/protocol/Parser.js:76:12)
    at Protocol.write (/Users/trungdang/Nodejs/cam_do/serverAPI/node_modules/mysql/lib/protocol/Protocol.js:39:16)
    at Socket.<anonymous> (/Users/trungdang/Nodejs/cam_do/serverAPI/node_modules/mysql/lib/Connection.js:103:28)
    at Socket.emit (node:events:527:28)
    at addChunk (node:internal/streams/readable:315:12)
    at readableAddChunk (node:internal/streams/readable:289:9)
    at Socket.Readable.push (node:internal/streams/readable:228:10)
    --------------------
    at Protocol._enqueue (/Users/trungdang/Nodejs/cam_do/serverAPI/node_modules/mysql/lib/protocol/Protocol.js:145:48)
    at PoolConnection.query (/Users/trungdang/Nodejs/cam_do/serverAPI/node_modules/mysql/lib/Connection.js:208:25)
    at /Users/trungdang/Nodejs/cam_do/serverAPI/models/baseModel.js:200:22
    at new Promise (<anonymous>)
    at aclActionModel.insertAsync (/Users/trungdang/Nodejs/cam_do/serverAPI/models/baseModel.js:197:16)
    at /Users/trungdang/Nodejs/cam_do/serverAPI/controllers/permission_ctrl.js:401:38
    at processTicksAndRejections (node:internal/process/task_queues:96:5) {
  code: 'ER_NO_DEFAULT_FOR_FIELD',
  errno: 1364,
  sqlMessage: "Field '_order' doesn't have a default value",
  sqlState: 'HY000',
  index: 0,
  sql: "INSERT INTO `acl_action` SET `url` = 'lien_he_den_han', `name` = 'Liên hệ đến hạn', `acl_group_action_id` = 5, `_type` = 'Admin', `acl_type` = 'user'"
} permission_ctrl.add_action
2022-10-15T07:54:10.898Z - info:    admin permission/add_action
2022-11-01T13:27:39.100Z - info:    55abbe84f48701bc8b3873c72c804bac7a70b3ed2_2942_webapp user/login
2022-11-01T13:27:39.141Z - info:    admin branch/find
2022-11-01T13:27:44.523Z - info:    admin user/load_acl
2022-11-01T13:27:45.036Z - info:    admin cam_do/find_out
2022-11-01T13:28:32.670Z - info:    admin cam_do/find_out
2022-11-01T13:28:32.768Z - info:    admin user/load_acl
2022-11-01T13:34:08.064Z - info:    admin cam_do/find_out
2022-11-01T13:34:08.375Z - info:    admin user/load_acl
